<</ID[<7F885654359B18A82F2F2018204ED7A2><7F885654359B18A82F2F2018204ED7A2>]/Info 1 0 R/Root 14 0 R/Size 15>>
<</ID[<10E447B3B49810F95B808531D5D65B6C><10E447B3B49810F95B808531D5D65B6C>]/Info 1 0 R/Root 15 0 R/Size 16>>
Fixing references in 15 0 R by 14
Fixing references in 16 0 R by 14
Fixing references in 17 0 R by 14
Fixing references in 18 0 R by 14
Fixing references in 19 0 R by 14
Fixing references in 20 0 R by 14
Fixing references in 21 0 R by 14
Fixing references in 22 0 R by 14
Fixing references in 23 0 R by 14
Fixing references in 24 0 R by 14
Fixing references in 25 0 R by 14
Fixing references in 26 0 R by 14
Fixing references in 27 0 R by 14
Fixing references in 28 0 R by 14
Fixing references in 29 0 R by 14
<</ID[<CA386A7CCB097124CEBC7063C4446F73><CA386A7CCB097124CEBC7063C4446F73>]/Info 1 0 R/Root 14 0 R/Size 31>>
<</ID[<8E938F11962E4CAA5B4526BFC261FCE5><8E938F11962E4CAA5B4526BFC261FCE5>]/Info 1 0 R/Root 14 0 R/Size 15>>
Fixing references in 31 0 R by 30
Fixing references in 32 0 R by 30
Fixing references in 33 0 R by 30
Fixing references in 34 0 R by 30
Fixing references in 35 0 R by 30
Fixing references in 36 0 R by 30
Fixing references in 37 0 R by 30
Fixing references in 38 0 R by 30
Fixing references in 39 0 R by 30
Fixing references in 40 0 R by 30
Fixing references in 41 0 R by 30
Fixing references in 42 0 R by 30
Fixing references in 43 0 R by 30
Fixing references in 44 0 R by 30
<</ID[<CA386A7CCB097124CEBC7063C4446F73><CA386A7CCB097124CEBC7063C4446F73>]/Info 1 0 R/Root 14 0 R/Size 45>>
<</ID[<794B06CFF4CC959CDA5AA4FA88E63ABF><794B06CFF4CC959CDA5AA4FA88E63ABF>]/Info 1 0 R/Root 33 0 R/Size 34>>
Fixing references in 45 0 R by 44
Fixing references in 46 0 R by 44
Fixing references in 47 0 R by 44
Fixing references in 48 0 R by 44
Fixing references in 49 0 R by 44
Fixing references in 50 0 R by 44
Fixing references in 51 0 R by 44
Fixing references in 52 0 R by 44
Fixing references in 53 0 R by 44
Fixing references in 54 0 R by 44
Fixing references in 55 0 R by 44
Fixing references in 56 0 R by 44
Fixing references in 57 0 R by 44
Fixing references in 58 0 R by 44
Fixing references in 59 0 R by 44
Fixing references in 60 0 R by 44
Fixing references in 61 0 R by 44
Fixing references in 62 0 R by 44
Fixing references in 63 0 R by 44
Fixing references in 64 0 R by 44
Fixing references in 65 0 R by 44
Fixing references in 66 0 R by 44
Fixing references in 67 0 R by 44
Fixing references in 68 0 R by 44
Fixing references in 69 0 R by 44
Fixing references in 70 0 R by 44
Fixing references in 71 0 R by 44
Fixing references in 72 0 R by 44
Fixing references in 73 0 R by 44
Fixing references in 74 0 R by 44
Fixing references in 75 0 R by 44
Fixing references in 76 0 R by 44
Fixing references in 77 0 R by 44
<</ID[<CA386A7CCB097124CEBC7063C4446F73><CA386A7CCB097124CEBC7063C4446F73>]/Info 1 0 R/Root 14 0 R/Size 78>>
<</ID[<8B051106CCFB37493B717D883CBE02A2><8B051106CCFB37493B717D883CBE02A2>]/Info 1 0 R/Root 31 0 R/Size 32>>
Fixing references in 78 0 R by 77
Fixing references in 79 0 R by 77
Fixing references in 80 0 R by 77
Fixing references in 81 0 R by 77
Fixing references in 82 0 R by 77
Fixing references in 83 0 R by 77
Fixing references in 84 0 R by 77
Fixing references in 85 0 R by 77
Fixing references in 86 0 R by 77
Fixing references in 87 0 R by 77
Fixing references in 88 0 R by 77
Fixing references in 89 0 R by 77
Fixing references in 90 0 R by 77
Fixing references in 91 0 R by 77
Fixing references in 92 0 R by 77
Fixing references in 93 0 R by 77
Fixing references in 94 0 R by 77
Fixing references in 95 0 R by 77
Fixing references in 96 0 R by 77
Fixing references in 97 0 R by 77
Fixing references in 98 0 R by 77
Fixing references in 99 0 R by 77
Fixing references in 100 0 R by 77
Fixing references in 101 0 R by 77
Fixing references in 102 0 R by 77
Fixing references in 103 0 R by 77
Fixing references in 104 0 R by 77
Fixing references in 105 0 R by 77
Fixing references in 106 0 R by 77
Fixing references in 107 0 R by 77
Fixing references in 108 0 R by 77
