<</ID[<98FFC8AFDBE999D583FBD463F7CC2FD9><98FFC8AFDBE999D583FBD463F7CC2FD9>]/Info 1 0 R/Root 14 0 R/Size 15>>
<</ID[<7BF626B6940FFDA7FFE70204FD61E6AD><7BF626B6940FFDA7FFE70204FD61E6AD>]/Info 1 0 R/Root 15 0 R/Size 16>>
Fixing references in 15 0 R by 14
Fixing references in 16 0 R by 14
Fixing references in 17 0 R by 14
Fixing references in 18 0 R by 14
Fixing references in 19 0 R by 14
Fixing references in 20 0 R by 14
Fixing references in 21 0 R by 14
Fixing references in 22 0 R by 14
Fixing references in 23 0 R by 14
Fixing references in 24 0 R by 14
Fixing references in 25 0 R by 14
Fixing references in 26 0 R by 14
Fixing references in 27 0 R by 14
Fixing references in 28 0 R by 14
Fixing references in 29 0 R by 14
<</ID[<CC5CF49BE44ADD585420DA1D3E76BCFD><CC5CF49BE44ADD585420DA1D3E76BCFD>]/Info 1 0 R/Root 14 0 R/Size 31>>
<</ID[<A4DA2D870B3D91215819AB0AB95DCCFC><A4DA2D870B3D91215819AB0AB95DCCFC>]/Info 1 0 R/Root 14 0 R/Size 15>>
Fixing references in 31 0 R by 30
Fixing references in 32 0 R by 30
Fixing references in 33 0 R by 30
Fixing references in 34 0 R by 30
Fixing references in 35 0 R by 30
Fixing references in 36 0 R by 30
Fixing references in 37 0 R by 30
Fixing references in 38 0 R by 30
Fixing references in 39 0 R by 30
Fixing references in 40 0 R by 30
Fixing references in 41 0 R by 30
Fixing references in 42 0 R by 30
Fixing references in 43 0 R by 30
Fixing references in 44 0 R by 30
<</ID[<CC5CF49BE44ADD585420DA1D3E76BCFD><CC5CF49BE44ADD585420DA1D3E76BCFD>]/Info 1 0 R/Root 14 0 R/Size 45>>
<</ID[<8730B57D748369A1522B8BBED258F0CD><8730B57D748369A1522B8BBED258F0CD>]/Info 1 0 R/Root 29 0 R/Size 30>>
Fixing references in 45 0 R by 44
Fixing references in 46 0 R by 44
Fixing references in 47 0 R by 44
Fixing references in 48 0 R by 44
Fixing references in 49 0 R by 44
Fixing references in 50 0 R by 44
Fixing references in 51 0 R by 44
Fixing references in 52 0 R by 44
Fixing references in 53 0 R by 44
Fixing references in 54 0 R by 44
Fixing references in 55 0 R by 44
Fixing references in 56 0 R by 44
Fixing references in 57 0 R by 44
Fixing references in 58 0 R by 44
Fixing references in 59 0 R by 44
Fixing references in 60 0 R by 44
Fixing references in 61 0 R by 44
Fixing references in 62 0 R by 44
Fixing references in 63 0 R by 44
Fixing references in 64 0 R by 44
Fixing references in 65 0 R by 44
Fixing references in 66 0 R by 44
Fixing references in 67 0 R by 44
Fixing references in 68 0 R by 44
Fixing references in 69 0 R by 44
Fixing references in 70 0 R by 44
Fixing references in 71 0 R by 44
Fixing references in 72 0 R by 44
Fixing references in 73 0 R by 44
<</ID[<CC5CF49BE44ADD585420DA1D3E76BCFD><CC5CF49BE44ADD585420DA1D3E76BCFD>]/Info 1 0 R/Root 14 0 R/Size 74>>
<</ID[<E0B22A22B495A520F0ED9D57E2537FB5><E0B22A22B495A520F0ED9D57E2537FB5>]/Info 1 0 R/Root 29 0 R/Size 30>>
Fixing references in 74 0 R by 73
Fixing references in 75 0 R by 73
Fixing references in 76 0 R by 73
Fixing references in 77 0 R by 73
Fixing references in 78 0 R by 73
Fixing references in 79 0 R by 73
Fixing references in 80 0 R by 73
Fixing references in 81 0 R by 73
Fixing references in 82 0 R by 73
Fixing references in 83 0 R by 73
Fixing references in 84 0 R by 73
Fixing references in 85 0 R by 73
Fixing references in 86 0 R by 73
Fixing references in 87 0 R by 73
Fixing references in 88 0 R by 73
Fixing references in 89 0 R by 73
Fixing references in 90 0 R by 73
Fixing references in 91 0 R by 73
Fixing references in 92 0 R by 73
Fixing references in 93 0 R by 73
Fixing references in 94 0 R by 73
Fixing references in 95 0 R by 73
Fixing references in 96 0 R by 73
Fixing references in 97 0 R by 73
Fixing references in 98 0 R by 73
Fixing references in 99 0 R by 73
Fixing references in 100 0 R by 73
Fixing references in 101 0 R by 73
Fixing references in 102 0 R by 73
<</ID[<CC5CF49BE44ADD585420DA1D3E76BCFD><CC5CF49BE44ADD585420DA1D3E76BCFD>]/Info 1 0 R/Root 14 0 R/Size 103>>
<</ID[<38B304DAB0FD4E47A69072FFE98E72C9><38B304DAB0FD4E47A69072FFE98E72C9>]/Info 1 0 R/Root 23 0 R/Size 24>>
Fixing references in 103 0 R by 102
Fixing references in 104 0 R by 102
Fixing references in 105 0 R by 102
Fixing references in 106 0 R by 102
Fixing references in 107 0 R by 102
Fixing references in 108 0 R by 102
Fixing references in 109 0 R by 102
Fixing references in 110 0 R by 102
Fixing references in 111 0 R by 102
Fixing references in 112 0 R by 102
Fixing references in 113 0 R by 102
Fixing references in 114 0 R by 102
Fixing references in 115 0 R by 102
Fixing references in 116 0 R by 102
Fixing references in 117 0 R by 102
Fixing references in 118 0 R by 102
Fixing references in 119 0 R by 102
Fixing references in 120 0 R by 102
Fixing references in 121 0 R by 102
Fixing references in 122 0 R by 102
Fixing references in 123 0 R by 102
Fixing references in 124 0 R by 102
Fixing references in 125 0 R by 102
<</ID[<CC5CF49BE44ADD585420DA1D3E76BCFD><CC5CF49BE44ADD585420DA1D3E76BCFD>]/Info 1 0 R/Root 14 0 R/Size 126>>
<</ID[<FE7EA4357A74B9524FE577A6D35D6461><FE7EA4357A74B9524FE577A6D35D6461>]/Info 1 0 R/Root 14 0 R/Size 15>>
Fixing references in 126 0 R by 125
Fixing references in 127 0 R by 125
Fixing references in 128 0 R by 125
Fixing references in 129 0 R by 125
Fixing references in 130 0 R by 125
Fixing references in 131 0 R by 125
Fixing references in 132 0 R by 125
Fixing references in 133 0 R by 125
Fixing references in 134 0 R by 125
Fixing references in 135 0 R by 125
Fixing references in 136 0 R by 125
Fixing references in 137 0 R by 125
Fixing references in 138 0 R by 125
Fixing references in 139 0 R by 125
<</ID[<CC5CF49BE44ADD585420DA1D3E76BCFD><CC5CF49BE44ADD585420DA1D3E76BCFD>]/Info 1 0 R/Root 14 0 R/Size 140>>
<</ID[<2625A46F7BF47B83ED2BC458141EDC79><2625A46F7BF47B83ED2BC458141EDC79>]/Info 1 0 R/Root 14 0 R/Size 15>>
Fixing references in 140 0 R by 139
Fixing references in 141 0 R by 139
Fixing references in 142 0 R by 139
Fixing references in 143 0 R by 139
Fixing references in 144 0 R by 139
Fixing references in 145 0 R by 139
Fixing references in 146 0 R by 139
Fixing references in 147 0 R by 139
Fixing references in 148 0 R by 139
Fixing references in 149 0 R by 139
Fixing references in 150 0 R by 139
Fixing references in 151 0 R by 139
Fixing references in 152 0 R by 139
Fixing references in 153 0 R by 139
